INFO [2020-01-14 15:08:23] [[1]]
INFO [2020-01-14 15:08:23] venn_list
INFO [2020-01-14 15:08:23] 
INFO [2020-01-14 15:08:23] $filename
INFO [2020-01-14 15:08:23] [1] "venn.png"
INFO [2020-01-14 15:08:23] 
INFO [2020-01-14 15:08:23] $imagetype
INFO [2020-01-14 15:08:23] [1] "png"
INFO [2020-01-14 15:08:23] 
INFO [2020-01-14 15:08:23] $margin
INFO [2020-01-14 15:08:23] [1] 0.2
INFO [2020-01-14 15:08:23] 
INFO [2020-01-14 15:08:23] $fill
INFO [2020-01-14 15:08:23] c("red", "blue", "yellow")
INFO [2020-01-14 15:08:23] 
INFO [2020-01-14 15:08:23] $alpha
INFO [2020-01-14 15:08:23] [1] 0.5
INFO [2020-01-14 15:08:23] 
INFO [2020-01-14 15:08:23] $col
INFO [2020-01-14 15:08:23] [1] "black"
INFO [2020-01-14 15:08:23] 
INFO [2020-01-14 15:08:23] $cex
INFO [2020-01-14 15:08:23] [1] 1
INFO [2020-01-14 15:08:23] 
INFO [2020-01-14 15:08:23] $fontfamily
INFO [2020-01-14 15:08:23] [1] "serif"
INFO [2020-01-14 15:08:23] 
INFO [2020-01-14 15:08:23] $cat.col
INFO [2020-01-14 15:08:23] c("black", "black", "black")
INFO [2020-01-14 15:08:23] 
INFO [2020-01-14 15:08:23] $cat.cex
INFO [2020-01-14 15:08:23] [1] 1
INFO [2020-01-14 15:08:23] 
INFO [2020-01-14 15:08:23] $cat.fontfamily
INFO [2020-01-14 15:08:23] [1] "serif"
INFO [2020-01-14 15:08:23] 
